<?xml version="1.0" encoding="UTF-8"?>
<!-- Generated by org.testng.reporters.JUnitReportReporter -->
<testsuite skipped="0" hostname="LAPTOP-I72Q667K" name="practise.seleniumBrass.HomePage" tests="1" failures="0" timestamp="29 Apr 2020 21:11:26 GMT" time="33.163" errors="0">
  <testcase name="LoginTest" time="33.163" classname="practise.seleniumBrass.HomePage"/>
</testsuite> <!-- practise.seleniumBrass.HomePage -->
