<?xml version="1.0" encoding="UTF-8"?>
<!-- Generated by org.testng.reporters.JUnitReportReporter -->
<testsuite skipped="0" hostname="LAPTOP-I72Q667K" name="practise.seleniumBrass.SeleniumTest" tests="2" failures="0" timestamp="2020-04-29T00:51:51 IST" time="0.008" errors="0">
  <testcase name="seleniumtwo" time="0.001" classname="practise.seleniumBrass.SeleniumTest"/>
  <system-out/>
  <testcase name="seleniumtest" time="0.007" classname="practise.seleniumBrass.SeleniumTest"/>
  <system-out/>
</testsuite> <!-- practise.seleniumBrass.SeleniumTest -->
